<?xml version="1.0" encoding="UTF-8"?>
<!-- Generated by org.testng.reporters.JUnitReportReporter -->
<testsuite hostname="INPUM-6112VT3" failures="0" tests="1" name="com.sdet.LoginTest" time="17.230" errors="0" timestamp="2023-08-06T17:09:31 IST" skipped="0">
  <testcase classname="com.sdet.LoginTest" name="loginTest" time="17.230"/>
</testsuite> <!-- com.sdet.LoginTest -->
