<?xml version="1.0" encoding="UTF-8"?>
<!-- Generated by org.testng.reporters.JUnitReportReporter -->
<testsuite hostname="INPUM-6112VT3" failures="0" tests="2" name="com.sdet.AppTest" time="0.018" errors="0" timestamp="2023-08-06T17:03:19 IST" skipped="0">
  <testcase classname="com.sdet.AppTest" name="testLoginFailure" time="0.017"/>
  <testcase classname="com.sdet.AppTest" name="testLoginSuccess" time="0.001"/>
</testsuite> <!-- com.sdet.AppTest -->
