<?xml version="1.0" encoding="UTF-8"?>
<!-- Generated by org.testng.reporters.JUnitReportReporter -->
<testsuite hostname="INPUM-6112VT3" failures="0" tests="2" name="com.sdet.AppTest" time="0.013" errors="0" timestamp="2023-08-07T22:57:53 IST" skipped="0">
  <testcase classname="com.sdet.AppTest" name="testLoginSuccess" time="0.001"/>
  <testcase classname="com.sdet.AppTest" name="testLoginFailure" time="0.012"/>
</testsuite> <!-- com.sdet.AppTest -->
