<?xml version="1.0" encoding="UTF-8"?>
<!-- Generated by org.testng.reporters.JUnitReportReporter -->
<testsuite hostname="INPUM-6112VT3" failures="0" tests="1" name="com.sdet.LoginTest" time="18.861" errors="0" timestamp="2023-08-07T22:57:53 IST" skipped="0">
  <testcase classname="com.sdet.LoginTest" name="loginTest" time="18.861"/>
</testsuite> <!-- com.sdet.LoginTest -->
